0 info it worked if it ends with ok
1 verbose cli [ '/usr/bin/nodejs', '/usr/bin/npm', 'run', 'start' ]
2 info using npm@3.5.2
3 info using node@v4.2.6
4 verbose run-script [ 'prestart', 'start', 'poststart' ]
5 info lifecycle @~prestart: @
6 silly lifecycle @~prestart: no script for prestart, continuing
7 info lifecycle @~start: @
8 verbose lifecycle @~start: unsafe-perm in lifecycle true
9 verbose lifecycle @~start: PATH: /usr/share/npm/bin/node-gyp-bin:/mnt/d/Users/Emily Vo/Documents/projects/cis700/Avian/node_modules/.bin:/usr/local/sbin:/usr/local/bin:/usr/sbin:/usr/bin:/sbin:/bin:/usr/games:/usr/local/games:/mnt/c/Program Files/ConEmu:/mnt/c/Program Files/ConEmu/ConEmu:/mnt/c/ProgramData/Oracle/Java/javapath_target_636553437:/mnt/c/Windows/System32:/mnt/c/Windows:/mnt/c/Windows/System32/wbem:/mnt/c/Windows/System32/WindowsPowerShell/v1.0:/mnt/c/Program Files (x86)/NVIDIA Corporation/PhysX/Common:/mnt/c/Program Files/MiKTeX 2.9/miktex/bin/x64:/mnt/c/Users/Emily Vo/AppData/Local/Microsoft/WindowsApps
10 verbose lifecycle @~start: CWD: /mnt/d/Users/Emily Vo/Documents/projects/cis700/Avian
11 silly lifecycle @~start: Args: [ '-c', 'webpack-dev-server --hot --inline' ]
12 info lifecycle @~start: Failed to exec start script
13 verbose stack Error: @ start: `webpack-dev-server --hot --inline`
13 verbose stack spawn ENOENT
13 verbose stack     at ChildProcess.<anonymous> (/usr/share/npm/lib/utils/spawn.js:17:16)
13 verbose stack     at emitTwo (events.js:87:13)
13 verbose stack     at ChildProcess.emit (events.js:172:7)
13 verbose stack     at maybeClose (internal/child_process.js:821:16)
13 verbose stack     at Process.ChildProcess._handle.onexit (internal/child_process.js:211:5)
14 verbose pkgid @
15 verbose cwd /mnt/d/Users/Emily Vo/Documents/projects/cis700/Avian
16 error Linux 4.4.0-43-Microsoft
17 error argv "/usr/bin/nodejs" "/usr/bin/npm" "run" "start"
18 error node v4.2.6
19 error npm  v3.5.2
20 error file sh
21 error code ELIFECYCLE
22 error errno ENOENT
23 error syscall spawn
24 error @ start: `webpack-dev-server --hot --inline`
24 error spawn ENOENT
25 error Failed at the @ start script 'webpack-dev-server --hot --inline'.
25 error Make sure you have the latest version of node.js and npm installed.
25 error If you do, this is most likely a problem with the  package,
25 error not with npm itself.
25 error Tell the author that this fails on your system:
25 error     webpack-dev-server --hot --inline
25 error You can get information on how to open an issue for this project with:
25 error     npm bugs
25 error Or if that isn't available, you can get their info via:
25 error     npm owner ls
25 error There is likely additional logging output above.
26 verbose exit [ 1, true ]
